  GameObject.cpp
  InputManager.cpp
  Minigin.cpp
  Physics.cpp
  RigidBodyComponent.cpp
  Scene.cpp
  SceneManager.cpp
  SpriteComponent.cpp
  Subject.cpp
  Generating Code...
opengl32.lib(OPENGL32.dll) : warning LNK4006: __NULL_IMPORT_DESCRIPTOR already defined in xinput.lib(XINPUT1_4.dll); second definition ignored
  Minigin.vcxproj -> C:\DAE_Local\Prog4\Tron\Game\x64\Debug\Minigin.lib
  C:\DAE_Local\Prog4\Tron\Game\3rdParty\SDL2\lib\x64\SDL2.dll
  1 File(s) copied
  C:\DAE_Local\Prog4\Tron\Game\3rdParty\SDL2_image\lib\x64\libjpeg-9.dll
  C:\DAE_Local\Prog4\Tron\Game\3rdParty\SDL2_image\lib\x64\libpng16-16.dll
  C:\DAE_Local\Prog4\Tron\Game\3rdParty\SDL2_image\lib\x64\libtiff-5.dll
  C:\DAE_Local\Prog4\Tron\Game\3rdParty\SDL2_image\lib\x64\libwebp-7.dll
  C:\DAE_Local\Prog4\Tron\Game\3rdParty\SDL2_image\lib\x64\SDL2_image.dll
  C:\DAE_Local\Prog4\Tron\Game\3rdParty\SDL2_image\lib\x64\zlib1.dll
  6 File(s) copied
  C:\DAE_Local\Prog4\Tron\Game\3rdParty\SDL2_ttf\lib\x64\libfreetype-6.dll
  C:\DAE_Local\Prog4\Tron\Game\3rdParty\SDL2_ttf\lib\x64\SDL2_ttf.dll
  2 File(s) copied
  C:\DAE_Local\Prog4\Tron\Game\3rdParty\SDL2_mixer-2.0.4\lib\x64\libFLAC-8.dll
  C:\DAE_Local\Prog4\Tron\Game\3rdParty\SDL2_mixer-2.0.4\lib\x64\libmodplug-1.dll
  C:\DAE_Local\Prog4\Tron\Game\3rdParty\SDL2_mixer-2.0.4\lib\x64\libmpg123-0.dll
  C:\DAE_Local\Prog4\Tron\Game\3rdParty\SDL2_mixer-2.0.4\lib\x64\libogg-0.dll
  C:\DAE_Local\Prog4\Tron\Game\3rdParty\SDL2_mixer-2.0.4\lib\x64\libopus-0.dll
  C:\DAE_Local\Prog4\Tron\Game\3rdParty\SDL2_mixer-2.0.4\lib\x64\libopusfile-0.dll
  C:\DAE_Local\Prog4\Tron\Game\3rdParty\SDL2_mixer-2.0.4\lib\x64\libvorbis-0.dll
  C:\DAE_Local\Prog4\Tron\Game\3rdParty\SDL2_mixer-2.0.4\lib\x64\libvorbisfile-3.dll
  C:\DAE_Local\Prog4\Tron\Game\3rdParty\SDL2_mixer-2.0.4\lib\x64\SDL2_mixer.dll
  9 File(s) copied
  C:\DAE_Local\Prog4\Tron\Game\3rdParty\steamworks\redistributable_bin\win64\steam_api64.dll
  1 File(s) copied
  C:\DAE_Local\Prog4\Tron\Game\steam_appid.txt
  1 File(s) copied
