c:\dae_local\prog4\tron\game\minigin\x64\debug\minigin.pch
c:\dae_local\prog4\tron\game\x64\debug\minigin.pdb
c:\dae_local\prog4\tron\game\x64\debug\minigin.idb
c:\dae_local\prog4\tron\game\minigin\x64\debug\miniginpch.obj
c:\dae_local\prog4\tron\game\minigin\x64\debug\imgui_widgets.obj
c:\dae_local\prog4\tron\game\minigin\x64\debug\imgui_tables.obj
c:\dae_local\prog4\tron\game\minigin\x64\debug\imgui_draw.obj
c:\dae_local\prog4\tron\game\minigin\x64\debug\imgui_demo.obj
c:\dae_local\prog4\tron\game\minigin\x64\debug\imgui.obj
c:\dae_local\prog4\tron\game\minigin\x64\debug\imgui_impl_sdl.obj
c:\dae_local\prog4\tron\game\minigin\x64\debug\imgui_impl_opengl2.obj
c:\dae_local\prog4\tron\game\minigin\x64\debug\implot_items.obj
c:\dae_local\prog4\tron\game\minigin\x64\debug\implot.obj
c:\dae_local\prog4\tron\game\minigin\x64\debug\imgui_plot.obj
c:\dae_local\prog4\tron\game\minigin\x64\debug\transform.obj
c:\dae_local\prog4\tron\game\minigin\x64\debug\texturecomponent.obj
c:\dae_local\prog4\tron\game\minigin\x64\debug\texture2d.obj
c:\dae_local\prog4\tron\game\minigin\x64\debug\textcomponent.obj
c:\dae_local\prog4\tron\game\minigin\x64\debug\subject.obj
c:\dae_local\prog4\tron\game\minigin\x64\debug\spritecomponent.obj
c:\dae_local\prog4\tron\game\minigin\x64\debug\sound.obj
c:\dae_local\prog4\tron\game\minigin\x64\debug\scenemanager.obj
c:\dae_local\prog4\tron\game\minigin\x64\debug\scene.obj
c:\dae_local\prog4\tron\game\minigin\x64\debug\rigidbodycomponent.obj
c:\dae_local\prog4\tron\game\minigin\x64\debug\resourcemanager.obj
c:\dae_local\prog4\tron\game\minigin\x64\debug\renderer.obj
c:\dae_local\prog4\tron\game\minigin\x64\debug\physics.obj
c:\dae_local\prog4\tron\game\minigin\x64\debug\observer.obj
c:\dae_local\prog4\tron\game\minigin\x64\debug\minigin.obj
c:\dae_local\prog4\tron\game\minigin\x64\debug\inputmanager.obj
c:\dae_local\prog4\tron\game\minigin\x64\debug\gameobject.obj
c:\dae_local\prog4\tron\game\minigin\x64\debug\fpscomponent.obj
c:\dae_local\prog4\tron\game\minigin\x64\debug\font.obj
c:\dae_local\prog4\tron\game\minigin\x64\debug\animation.obj
c:\dae_local\prog4\tron\game\minigin\x64\debug\trashthecache.obj
c:\dae_local\prog4\tron\game\x64\debug\minigin.lib
c:\dae_local\prog4\tron\game\minigin\x64\debug\minigin.tlog\cl.command.1.tlog
c:\dae_local\prog4\tron\game\minigin\x64\debug\minigin.tlog\cl.read.1.tlog
c:\dae_local\prog4\tron\game\minigin\x64\debug\minigin.tlog\cl.write.1.tlog
c:\dae_local\prog4\tron\game\minigin\x64\debug\minigin.tlog\lib-link.read.1.tlog
c:\dae_local\prog4\tron\game\minigin\x64\debug\minigin.tlog\lib-link.write.1.tlog
c:\dae_local\prog4\tron\game\minigin\x64\debug\minigin.tlog\lib.command.1.tlog
